<?xml version="1.0" encoding="UTF-8"?>
<testsuite name="Cucumber" time="48.064" tests="2" skipped="0" failures="2" errors="0">
<testcase classname="hooks_test" name="TC01_google_iphone_arama" time="32.925">
<failure type="java.lang.AssertionError">
<![CDATA[java.lang.AssertionError
	at org.junit.Assert.fail(Assert.java:87)
	at org.junit.Assert.assertTrue(Assert.java:42)
	at org.junit.Assert.assertTrue(Assert.java:53)
	at stepdefinitions.GoogleStepDefinitions.sonuclarin_icerdigini_dogrula(GoogleStepDefinitions.java:47)
	at ✽.sonuclarin "abc123+" icerdigini dogrula(file:///C:/Users/Dell/Desktop/batch103Cucumber/src/test/resources/features/day06_failed_scenarios.feature:8)
]]>
</failure>
<system-out><![CDATA[
Given kullanici google gider................................................passed
When kullanici "iphone" için arama yapar....................................passed
Then sonuclarin "abc123+" icerdigini dogrula................................failed
Then close the application..................................................skipped
]]></system-out>
</testcase>
<testcase classname="hooks_test" name="TC02_google_tesla_arama" time="14.517">
<failure type="java.lang.AssertionError">
<![CDATA[java.lang.AssertionError
	at org.junit.Assert.fail(Assert.java:87)
	at org.junit.Assert.assertTrue(Assert.java:42)
	at org.junit.Assert.assertTrue(Assert.java:53)
	at stepdefinitions.GoogleStepDefinitions.sonuclarin_icerdigini_dogrula(GoogleStepDefinitions.java:47)
	at ✽.sonuclarin "toros" icerdigini dogrula(file:///C:/Users/Dell/Desktop/batch103Cucumber/src/test/resources/features/day06_failed_scenarios.feature:13)
]]>
</failure>
<system-out><![CDATA[
Given kullanici google gider................................................passed
When kullanici "tesla" için arama yapar.....................................passed
Then sonuclarin "toros" icerdigini dogrula..................................failed
Then close the application..................................................skipped
]]></system-out>
</testcase>
</testsuite>
